C:\USERS\PAUL ADENOT\DOCUMENTS\VISUAL STUDIO 2010\PROJECTS\WASAPI\DEBUG\WASAPI.EXE
C:\USERS\PAUL ADENOT\DOCUMENTS\VISUAL STUDIO 2010\PROJECTS\WASAPI\DEBUG\WASAPI.ILK
C:\USERS\PAUL ADENOT\DOCUMENTS\VISUAL STUDIO 2010\PROJECTS\WASAPI\DEBUG\WASAPI.PDB
C:\Users\Paul Adenot\documents\visual studio 2010\Projects\wasapi\wasapi\Debug\cl.command.1.tlog
C:\Users\Paul Adenot\documents\visual studio 2010\Projects\wasapi\wasapi\Debug\CL.read.1.tlog
C:\Users\Paul Adenot\documents\visual studio 2010\Projects\wasapi\wasapi\Debug\CL.write.1.tlog
C:\Users\Paul Adenot\documents\visual studio 2010\Projects\wasapi\wasapi\Debug\link.2344.read.1.tlog
C:\Users\Paul Adenot\documents\visual studio 2010\Projects\wasapi\wasapi\Debug\link.2344.write.1.tlog
C:\Users\Paul Adenot\documents\visual studio 2010\Projects\wasapi\wasapi\Debug\link.2344-cvtres.read.1.tlog
C:\Users\Paul Adenot\documents\visual studio 2010\Projects\wasapi\wasapi\Debug\link.2344-cvtres.write.1.tlog
C:\Users\Paul Adenot\documents\visual studio 2010\Projects\wasapi\wasapi\Debug\link.command.1.tlog
C:\Users\Paul Adenot\documents\visual studio 2010\Projects\wasapi\wasapi\Debug\link.read.1.tlog
C:\Users\Paul Adenot\documents\visual studio 2010\Projects\wasapi\wasapi\Debug\link.write.1.tlog
C:\Users\Paul Adenot\documents\visual studio 2010\Projects\wasapi\wasapi\Debug\link-cvtres.read.1.tlog
C:\Users\Paul Adenot\documents\visual studio 2010\Projects\wasapi\wasapi\Debug\link-cvtres.write.1.tlog
C:\Users\Paul Adenot\documents\visual studio 2010\Projects\wasapi\wasapi\Debug\mt.command.1.tlog
C:\Users\Paul Adenot\documents\visual studio 2010\Projects\wasapi\wasapi\Debug\mt.read.1.tlog
C:\Users\Paul Adenot\documents\visual studio 2010\Projects\wasapi\wasapi\Debug\mt.write.1.tlog
C:\Users\Paul Adenot\documents\visual studio 2010\Projects\wasapi\wasapi\Debug\rc.command.1.tlog
C:\Users\Paul Adenot\documents\visual studio 2010\Projects\wasapi\wasapi\Debug\rc.read.1.tlog
C:\Users\Paul Adenot\documents\visual studio 2010\Projects\wasapi\wasapi\Debug\rc.write.1.tlog
C:\USERS\PAUL ADENOT\DOCUMENTS\VISUAL STUDIO 2010\PROJECTS\WASAPI\WASAPI\DEBUG\RESAMPLE.OBJ
C:\USERS\PAUL ADENOT\DOCUMENTS\VISUAL STUDIO 2010\PROJECTS\WASAPI\WASAPI\DEBUG\STDAFX.OBJ
C:\Users\Paul Adenot\documents\visual studio 2010\Projects\wasapi\wasapi\Debug\vc100.idb
C:\USERS\PAUL ADENOT\DOCUMENTS\VISUAL STUDIO 2010\PROJECTS\WASAPI\WASAPI\DEBUG\VC100.PDB
C:\USERS\PAUL ADENOT\DOCUMENTS\VISUAL STUDIO 2010\PROJECTS\WASAPI\WASAPI\DEBUG\WASAPI.EXE.EMBED.MANIFEST
C:\USERS\PAUL ADENOT\DOCUMENTS\VISUAL STUDIO 2010\PROJECTS\WASAPI\WASAPI\DEBUG\WASAPI.EXE.EMBED.MANIFEST.RES
C:\USERS\PAUL ADENOT\DOCUMENTS\VISUAL STUDIO 2010\PROJECTS\WASAPI\WASAPI\DEBUG\WASAPI.EXE.INTERMEDIATE.MANIFEST
C:\USERS\PAUL ADENOT\DOCUMENTS\VISUAL STUDIO 2010\PROJECTS\WASAPI\WASAPI\DEBUG\WASAPI.OBJ
C:\USERS\PAUL ADENOT\DOCUMENTS\VISUAL STUDIO 2010\PROJECTS\WASAPI\WASAPI\DEBUG\WASAPI.PCH
C:\Users\Paul Adenot\documents\visual studio 2010\Projects\wasapi\wasapi\Debug\wasapi_manifest.rc
